0 info it worked if it ends with ok
1 verbose cli [ '/usr/bin/node', '/usr/bin/npm', 'install' ]
2 info using npm@1.4.28
3 info using node@v0.10.40
4 verbose node symlink /usr/bin/node
5 verbose readDependencies using package.json deps
6 verbose install where, deps [ '/home/alex/Escritorio/STWquizP8',
6 verbose install   [ 'express',
6 verbose install     'body-parser',
6 verbose install     'cookie-parser',
6 verbose install     'morgan',
6 verbose install     'serve-favicon',
6 verbose install     'debug',
6 verbose install     'ejs',
6 verbose install     'express-helpers',
6 verbose install     'express-partials' ] ]
7 info preinstall quiz@0.0.0
8 verbose readDependencies using package.json deps
9 verbose cache add [ 'express@~4.9.0', null ]
10 verbose cache add name=undefined spec="express@~4.9.0" args=["express@~4.9.0",null]
11 verbose parsed url { protocol: null,
11 verbose parsed url   slashes: null,
11 verbose parsed url   auth: null,
11 verbose parsed url   host: null,
11 verbose parsed url   port: null,
11 verbose parsed url   hostname: null,
11 verbose parsed url   hash: null,
11 verbose parsed url   search: null,
11 verbose parsed url   query: null,
11 verbose parsed url   pathname: 'express@~4.9.0',
11 verbose parsed url   path: 'express@~4.9.0',
11 verbose parsed url   href: 'express@~4.9.0' }
12 verbose cache add [ 'body-parser@~1.8.1', null ]
13 verbose cache add name=undefined spec="body-parser@~1.8.1" args=["body-parser@~1.8.1",null]
14 verbose parsed url { protocol: null,
14 verbose parsed url   slashes: null,
14 verbose parsed url   auth: null,
14 verbose parsed url   host: null,
14 verbose parsed url   port: null,
14 verbose parsed url   hostname: null,
14 verbose parsed url   hash: null,
14 verbose parsed url   search: null,
14 verbose parsed url   query: null,
14 verbose parsed url   pathname: 'body-parser@~1.8.1',
14 verbose parsed url   path: 'body-parser@~1.8.1',
14 verbose parsed url   href: 'body-parser@~1.8.1' }
15 verbose cache add [ 'cookie-parser@~1.3.3', null ]
16 verbose cache add name=undefined spec="cookie-parser@~1.3.3" args=["cookie-parser@~1.3.3",null]
17 verbose parsed url { protocol: null,
17 verbose parsed url   slashes: null,
17 verbose parsed url   auth: null,
17 verbose parsed url   host: null,
17 verbose parsed url   port: null,
17 verbose parsed url   hostname: null,
17 verbose parsed url   hash: null,
17 verbose parsed url   search: null,
17 verbose parsed url   query: null,
17 verbose parsed url   pathname: 'cookie-parser@~1.3.3',
17 verbose parsed url   path: 'cookie-parser@~1.3.3',
17 verbose parsed url   href: 'cookie-parser@~1.3.3' }
18 verbose cache add [ 'morgan@~1.3.0', null ]
19 verbose cache add name=undefined spec="morgan@~1.3.0" args=["morgan@~1.3.0",null]
20 verbose parsed url { protocol: null,
20 verbose parsed url   slashes: null,
20 verbose parsed url   auth: null,
20 verbose parsed url   host: null,
20 verbose parsed url   port: null,
20 verbose parsed url   hostname: null,
20 verbose parsed url   hash: null,
20 verbose parsed url   search: null,
20 verbose parsed url   query: null,
20 verbose parsed url   pathname: 'morgan@~1.3.0',
20 verbose parsed url   path: 'morgan@~1.3.0',
20 verbose parsed url   href: 'morgan@~1.3.0' }
21 verbose cache add [ 'serve-favicon@~2.1.3', null ]
22 verbose cache add name=undefined spec="serve-favicon@~2.1.3" args=["serve-favicon@~2.1.3",null]
23 verbose parsed url { protocol: null,
23 verbose parsed url   slashes: null,
23 verbose parsed url   auth: null,
23 verbose parsed url   host: null,
23 verbose parsed url   port: null,
23 verbose parsed url   hostname: null,
23 verbose parsed url   hash: null,
23 verbose parsed url   search: null,
23 verbose parsed url   query: null,
23 verbose parsed url   pathname: 'serve-favicon@~2.1.3',
23 verbose parsed url   path: 'serve-favicon@~2.1.3',
23 verbose parsed url   href: 'serve-favicon@~2.1.3' }
24 verbose cache add [ 'debug@~2.0.0', null ]
25 verbose cache add name=undefined spec="debug@~2.0.0" args=["debug@~2.0.0",null]
26 verbose parsed url { protocol: null,
26 verbose parsed url   slashes: null,
26 verbose parsed url   auth: null,
26 verbose parsed url   host: null,
26 verbose parsed url   port: null,
26 verbose parsed url   hostname: null,
26 verbose parsed url   hash: null,
26 verbose parsed url   search: null,
26 verbose parsed url   query: null,
26 verbose parsed url   pathname: 'debug@~2.0.0',
26 verbose parsed url   path: 'debug@~2.0.0',
26 verbose parsed url   href: 'debug@~2.0.0' }
27 verbose cache add name="express" spec="~4.9.0" args=["express","~4.9.0"]
28 verbose parsed url { protocol: null,
28 verbose parsed url   slashes: null,
28 verbose parsed url   auth: null,
28 verbose parsed url   host: null,
28 verbose parsed url   port: null,
28 verbose parsed url   hostname: null,
28 verbose parsed url   hash: null,
28 verbose parsed url   search: null,
28 verbose parsed url   query: null,
28 verbose parsed url   pathname: '~4.9.0',
28 verbose parsed url   path: '~4.9.0',
28 verbose parsed url   href: '~4.9.0' }
29 verbose addNamed [ 'express', '~4.9.0' ]
30 verbose addNamed [ null, '>=4.9.0-0 <4.10.0-0' ]
31 verbose cache add name="body-parser" spec="~1.8.1" args=["body-parser","~1.8.1"]
32 verbose parsed url { protocol: null,
32 verbose parsed url   slashes: null,
32 verbose parsed url   auth: null,
32 verbose parsed url   host: null,
32 verbose parsed url   port: null,
32 verbose parsed url   hostname: null,
32 verbose parsed url   hash: null,
32 verbose parsed url   search: null,
32 verbose parsed url   query: null,
32 verbose parsed url   pathname: '~1.8.1',
32 verbose parsed url   path: '~1.8.1',
32 verbose parsed url   href: '~1.8.1' }
33 verbose addNamed [ 'body-parser', '~1.8.1' ]
34 verbose addNamed [ null, '>=1.8.1-0 <1.9.0-0' ]
35 verbose cache add name="cookie-parser" spec="~1.3.3" args=["cookie-parser","~1.3.3"]
36 verbose parsed url { protocol: null,
36 verbose parsed url   slashes: null,
36 verbose parsed url   auth: null,
36 verbose parsed url   host: null,
36 verbose parsed url   port: null,
36 verbose parsed url   hostname: null,
36 verbose parsed url   hash: null,
36 verbose parsed url   search: null,
36 verbose parsed url   query: null,
36 verbose parsed url   pathname: '~1.3.3',
36 verbose parsed url   path: '~1.3.3',
36 verbose parsed url   href: '~1.3.3' }
37 verbose addNamed [ 'cookie-parser', '~1.3.3' ]
38 verbose addNamed [ null, '>=1.3.3-0 <1.4.0-0' ]
39 verbose cache add name="morgan" spec="~1.3.0" args=["morgan","~1.3.0"]
40 verbose parsed url { protocol: null,
40 verbose parsed url   slashes: null,
40 verbose parsed url   auth: null,
40 verbose parsed url   host: null,
40 verbose parsed url   port: null,
40 verbose parsed url   hostname: null,
40 verbose parsed url   hash: null,
40 verbose parsed url   search: null,
40 verbose parsed url   query: null,
40 verbose parsed url   pathname: '~1.3.0',
40 verbose parsed url   path: '~1.3.0',
40 verbose parsed url   href: '~1.3.0' }
41 verbose addNamed [ 'morgan', '~1.3.0' ]
42 verbose addNamed [ null, '>=1.3.0-0 <1.4.0-0' ]
43 verbose cache add name="serve-favicon" spec="~2.1.3" args=["serve-favicon","~2.1.3"]
44 verbose parsed url { protocol: null,
44 verbose parsed url   slashes: null,
44 verbose parsed url   auth: null,
44 verbose parsed url   host: null,
44 verbose parsed url   port: null,
44 verbose parsed url   hostname: null,
44 verbose parsed url   hash: null,
44 verbose parsed url   search: null,
44 verbose parsed url   query: null,
44 verbose parsed url   pathname: '~2.1.3',
44 verbose parsed url   path: '~2.1.3',
44 verbose parsed url   href: '~2.1.3' }
45 verbose addNamed [ 'serve-favicon', '~2.1.3' ]
46 verbose addNamed [ null, '>=2.1.3-0 <2.2.0-0' ]
47 verbose cache add name="debug" spec="~2.0.0" args=["debug","~2.0.0"]
48 verbose parsed url { protocol: null,
48 verbose parsed url   slashes: null,
48 verbose parsed url   auth: null,
48 verbose parsed url   host: null,
48 verbose parsed url   port: null,
48 verbose parsed url   hostname: null,
48 verbose parsed url   hash: null,
48 verbose parsed url   search: null,
48 verbose parsed url   query: null,
48 verbose parsed url   pathname: '~2.0.0',
48 verbose parsed url   path: '~2.0.0',
48 verbose parsed url   href: '~2.0.0' }
49 verbose addNamed [ 'debug', '~2.0.0' ]
50 verbose addNamed [ null, '>=2.0.0-0 <2.1.0-0' ]
51 verbose cache add [ 'ejs@~0.8.5', null ]
52 verbose cache add name=undefined spec="ejs@~0.8.5" args=["ejs@~0.8.5",null]
53 verbose parsed url { protocol: null,
53 verbose parsed url   slashes: null,
53 verbose parsed url   auth: null,
53 verbose parsed url   host: null,
53 verbose parsed url   port: null,
53 verbose parsed url   hostname: null,
53 verbose parsed url   hash: null,
53 verbose parsed url   search: null,
53 verbose parsed url   query: null,
53 verbose parsed url   pathname: 'ejs@~0.8.5',
53 verbose parsed url   path: 'ejs@~0.8.5',
53 verbose parsed url   href: 'ejs@~0.8.5' }
54 verbose cache add [ 'express-helpers@*', null ]
55 verbose cache add name=undefined spec="express-helpers@*" args=["express-helpers@*",null]
56 verbose parsed url { protocol: null,
56 verbose parsed url   slashes: null,
56 verbose parsed url   auth: null,
56 verbose parsed url   host: null,
56 verbose parsed url   port: null,
56 verbose parsed url   hostname: null,
56 verbose parsed url   hash: null,
56 verbose parsed url   search: null,
56 verbose parsed url   query: null,
56 verbose parsed url   pathname: 'express-helpers@*',
56 verbose parsed url   path: 'express-helpers@*',
56 verbose parsed url   href: 'express-helpers@*' }
57 verbose cache add [ 'express-partials@^0.3.0', null ]
58 verbose cache add name=undefined spec="express-partials@^0.3.0" args=["express-partials@^0.3.0",null]
59 verbose parsed url { protocol: null,
59 verbose parsed url   slashes: null,
59 verbose parsed url   auth: null,
59 verbose parsed url   host: null,
59 verbose parsed url   port: null,
59 verbose parsed url   hostname: null,
59 verbose parsed url   hash: null,
59 verbose parsed url   search: null,
59 verbose parsed url   query: null,
59 verbose parsed url   pathname: 'express-partials@^0.3.0',
59 verbose parsed url   path: 'express-partials@^0.3.0',
59 verbose parsed url   href: 'express-partials@^0.3.0' }
60 silly lockFile 6ae7fa08-express-4-9-0 express@~4.9.0
61 verbose lock express@~4.9.0 /home/alex/.npm/6ae7fa08-express-4-9-0.lock
62 silly lockFile a49948c1-body-parser-1-8-1 body-parser@~1.8.1
63 verbose lock body-parser@~1.8.1 /home/alex/.npm/a49948c1-body-parser-1-8-1.lock
64 silly lockFile bf5babd8-cookie-parser-1-3-3 cookie-parser@~1.3.3
65 verbose lock cookie-parser@~1.3.3 /home/alex/.npm/bf5babd8-cookie-parser-1-3-3.lock
66 silly lockFile a4a9bdf4-morgan-1-3-0 morgan@~1.3.0
67 verbose lock morgan@~1.3.0 /home/alex/.npm/a4a9bdf4-morgan-1-3-0.lock
68 silly lockFile 38295489-serve-favicon-2-1-3 serve-favicon@~2.1.3
69 verbose lock serve-favicon@~2.1.3 /home/alex/.npm/38295489-serve-favicon-2-1-3.lock
70 silly lockFile 12b6356d-debug-2-0-0 debug@~2.0.0
71 verbose lock debug@~2.0.0 /home/alex/.npm/12b6356d-debug-2-0-0.lock
72 verbose cache add name="ejs" spec="~0.8.5" args=["ejs","~0.8.5"]
73 verbose parsed url { protocol: null,
73 verbose parsed url   slashes: null,
73 verbose parsed url   auth: null,
73 verbose parsed url   host: null,
73 verbose parsed url   port: null,
73 verbose parsed url   hostname: null,
73 verbose parsed url   hash: null,
73 verbose parsed url   search: null,
73 verbose parsed url   query: null,
73 verbose parsed url   pathname: '~0.8.5',
73 verbose parsed url   path: '~0.8.5',
73 verbose parsed url   href: '~0.8.5' }
74 verbose addNamed [ 'ejs', '~0.8.5' ]
75 verbose addNamed [ null, '>=0.8.5-0 <0.9.0-0' ]
76 silly lockFile 05610aaa-ejs-0-8-5 ejs@~0.8.5
77 verbose lock ejs@~0.8.5 /home/alex/.npm/05610aaa-ejs-0-8-5.lock
78 verbose cache add name="express-helpers" spec="*" args=["express-helpers","*"]
79 verbose parsed url { protocol: null,
79 verbose parsed url   slashes: null,
79 verbose parsed url   auth: null,
79 verbose parsed url   host: null,
79 verbose parsed url   port: null,
79 verbose parsed url   hostname: null,
79 verbose parsed url   hash: null,
79 verbose parsed url   search: null,
79 verbose parsed url   query: null,
79 verbose parsed url   pathname: '*',
79 verbose parsed url   path: '*',
79 verbose parsed url   href: '*' }
80 verbose addNamed [ 'express-helpers', '*' ]
81 verbose addNamed [ null, '*' ]
82 silly lockFile 22975403-express-helpers express-helpers@*
83 verbose lock express-helpers@* /home/alex/.npm/22975403-express-helpers.lock
84 verbose cache add name="express-partials" spec="^0.3.0" args=["express-partials","^0.3.0"]
85 verbose parsed url { protocol: null,
85 verbose parsed url   slashes: null,
85 verbose parsed url   auth: null,
85 verbose parsed url   host: null,
85 verbose parsed url   port: null,
85 verbose parsed url   hostname: null,
85 verbose parsed url   hash: null,
85 verbose parsed url   search: null,
85 verbose parsed url   query: null,
85 verbose parsed url   pathname: '^0.3.0',
85 verbose parsed url   path: '^0.3.0',
85 verbose parsed url   href: '^0.3.0' }
86 verbose addNamed [ 'express-partials', '^0.3.0' ]
87 verbose addNamed [ null, '>=0.3.0-0 <0.4.0-0' ]
88 silly lockFile b9c91d61-express-partials-0-3-0 express-partials@^0.3.0
89 verbose lock express-partials@^0.3.0 /home/alex/.npm/b9c91d61-express-partials-0-3-0.lock
90 silly addNameRange { name: 'express', range: '>=4.9.0-0 <4.10.0-0', hasData: false }
91 silly addNameRange { name: 'serve-favicon',
91 silly addNameRange   range: '>=2.1.3-0 <2.2.0-0',
91 silly addNameRange   hasData: false }
92 silly addNameRange { name: 'body-parser',
92 silly addNameRange   range: '>=1.8.1-0 <1.9.0-0',
92 silly addNameRange   hasData: false }
93 silly addNameRange { name: 'cookie-parser',
93 silly addNameRange   range: '>=1.3.3-0 <1.4.0-0',
93 silly addNameRange   hasData: false }
94 silly addNameRange { name: 'ejs', range: '>=0.8.5-0 <0.9.0-0', hasData: false }
95 silly addNameRange { name: 'morgan', range: '>=1.3.0-0 <1.4.0-0', hasData: false }
96 silly addNameRange { name: 'express-partials',
96 silly addNameRange   range: '>=0.3.0-0 <0.4.0-0',
96 silly addNameRange   hasData: false }
97 silly addNameRange { name: 'debug', range: '>=2.0.0-0 <2.1.0-0', hasData: false }
98 silly addNameRange { name: 'express-helpers', range: '*', hasData: false }
99 verbose request where is /express-partials
100 verbose request registry https://registry.npmjs.org/
101 verbose request id 05152e8d587b44c4
102 verbose url raw /express-partials
103 verbose url resolving [ 'https://registry.npmjs.org/', './express-partials' ]
104 verbose url resolved https://registry.npmjs.org/express-partials
105 verbose request where is https://registry.npmjs.org/express-partials
106 info trying registry request attempt 1 at 18:11:52
107 http GET https://registry.npmjs.org/express-partials
108 verbose request where is /express-helpers
109 verbose request registry https://registry.npmjs.org/
110 verbose url raw /express-helpers
111 verbose url resolving [ 'https://registry.npmjs.org/', './express-helpers' ]
112 verbose url resolved https://registry.npmjs.org/express-helpers
113 verbose request where is https://registry.npmjs.org/express-helpers
114 info trying registry request attempt 1 at 18:11:53
115 http GET https://registry.npmjs.org/express-helpers
116 verbose request where is /ejs
117 verbose request registry https://registry.npmjs.org/
118 verbose url raw /ejs
119 verbose url resolving [ 'https://registry.npmjs.org/', './ejs' ]
120 verbose url resolved https://registry.npmjs.org/ejs
121 verbose request where is https://registry.npmjs.org/ejs
122 info trying registry request attempt 1 at 18:11:53
123 verbose etag "DTDH5CLNY0NPHXDZ72601SXBI"
124 http GET https://registry.npmjs.org/ejs
125 verbose request where is /serve-favicon
126 verbose request registry https://registry.npmjs.org/
127 verbose url raw /serve-favicon
128 verbose url resolving [ 'https://registry.npmjs.org/', './serve-favicon' ]
129 verbose url resolved https://registry.npmjs.org/serve-favicon
130 verbose request where is https://registry.npmjs.org/serve-favicon
131 info trying registry request attempt 1 at 18:11:53
132 verbose etag "GQLNFYPZ2Z06DI9P02T5ZAWV"
133 http GET https://registry.npmjs.org/serve-favicon
134 verbose request where is /body-parser
135 verbose request registry https://registry.npmjs.org/
136 verbose url raw /body-parser
137 verbose url resolving [ 'https://registry.npmjs.org/', './body-parser' ]
138 verbose url resolved https://registry.npmjs.org/body-parser
139 verbose request where is https://registry.npmjs.org/body-parser
140 info trying registry request attempt 1 at 18:11:53
141 verbose etag "4EF9OPEPSD8UIIKBKIKG83CVS"
142 http GET https://registry.npmjs.org/body-parser
143 verbose request where is /express
144 verbose request registry https://registry.npmjs.org/
145 verbose url raw /express
146 verbose url resolving [ 'https://registry.npmjs.org/', './express' ]
147 verbose url resolved https://registry.npmjs.org/express
148 verbose request where is https://registry.npmjs.org/express
149 info trying registry request attempt 1 at 18:11:53
150 verbose etag "5E26ZJA9ARQJ2I90WLN84SFVY"
151 http GET https://registry.npmjs.org/express
152 verbose request where is /debug
153 verbose request registry https://registry.npmjs.org/
154 verbose url raw /debug
155 verbose url resolving [ 'https://registry.npmjs.org/', './debug' ]
156 verbose url resolved https://registry.npmjs.org/debug
157 verbose request where is https://registry.npmjs.org/debug
158 info trying registry request attempt 1 at 18:11:53
159 verbose etag "A2KPMC6SSA6CLN88S4E7P15S8"
160 http GET https://registry.npmjs.org/debug
161 verbose request where is /morgan
162 verbose request registry https://registry.npmjs.org/
163 verbose url raw /morgan
164 verbose url resolving [ 'https://registry.npmjs.org/', './morgan' ]
165 verbose url resolved https://registry.npmjs.org/morgan
166 verbose request where is https://registry.npmjs.org/morgan
167 info trying registry request attempt 1 at 18:11:53
168 verbose etag "4XUYK78AX6OPW2P3IXCSVOVFR"
169 http GET https://registry.npmjs.org/morgan
170 verbose request where is /cookie-parser
171 verbose request registry https://registry.npmjs.org/
172 verbose url raw /cookie-parser
173 verbose url resolving [ 'https://registry.npmjs.org/', './cookie-parser' ]
174 verbose url resolved https://registry.npmjs.org/cookie-parser
175 verbose request where is https://registry.npmjs.org/cookie-parser
176 info trying registry request attempt 1 at 18:11:53
177 verbose etag "46MVFDCU6IHGNLEA146GOGMYQ"
178 http GET https://registry.npmjs.org/cookie-parser
179 http 200 https://registry.npmjs.org/serve-favicon
180 silly registry.get cb [ 200,
180 silly registry.get   { server: 'CouchDB/1.5.0 (Erlang OTP/R16B03)',
180 silly registry.get     etag: '"AJFVGAOEV821TGXF9D4K4YGIS"',
180 silly registry.get     'content-type': 'application/json',
180 silly registry.get     'cache-control': 'max-age=60',
180 silly registry.get     'content-length': '24085',
180 silly registry.get     'accept-ranges': 'bytes',
180 silly registry.get     date: 'Thu, 19 Nov 2015 18:11:53 GMT',
180 silly registry.get     via: '1.1 varnish',
180 silly registry.get     age: '57',
180 silly registry.get     connection: 'keep-alive',
180 silly registry.get     'x-served-by': 'cache-lcy1134-LCY',
180 silly registry.get     'x-cache': 'HIT',
180 silly registry.get     'x-cache-hits': '1',
180 silly registry.get     'x-timer': 'S1447956713.595499,VS0,VE0',
180 silly registry.get     vary: 'Accept' } ]
181 silly addNameRange number 2 { name: 'serve-favicon',
181 silly addNameRange   range: '>=2.1.3-0 <2.2.0-0',
181 silly addNameRange   hasData: true }
182 silly addNameRange versions [ 'serve-favicon',
182 silly addNameRange   [ '2.0.0',
182 silly addNameRange     '2.0.1',
182 silly addNameRange     '2.1.0',
182 silly addNameRange     '2.1.1',
182 silly addNameRange     '2.1.2',
182 silly addNameRange     '2.1.3',
182 silly addNameRange     '2.1.4',
182 silly addNameRange     '2.1.5',
182 silly addNameRange     '2.1.6',
182 silly addNameRange     '2.1.7',
182 silly addNameRange     '2.2.0',
182 silly addNameRange     '2.2.1',
182 silly addNameRange     '2.3.0' ] ]
183 verbose addNamed [ 'serve-favicon', '2.1.7' ]
184 verbose addNamed [ '2.1.7', '2.1.7' ]
185 silly lockFile 041e16ae-serve-favicon-2-1-7 serve-favicon@2.1.7
186 verbose lock serve-favicon@2.1.7 /home/alex/.npm/041e16ae-serve-favicon-2-1-7.lock
187 silly lockFile 901719e4--favicon-serve-favicon-2-1-7-tgz https://registry.npmjs.org/serve-favicon/-/serve-favicon-2.1.7.tgz
188 verbose lock https://registry.npmjs.org/serve-favicon/-/serve-favicon-2.1.7.tgz /home/alex/.npm/901719e4--favicon-serve-favicon-2-1-7-tgz.lock
189 http 200 https://registry.npmjs.org/express-helpers
190 silly registry.get cb [ 200,
190 silly registry.get   { server: 'CouchDB/1.5.0 (Erlang OTP/R16B03)',
190 silly registry.get     etag: '"BDYA1LS6QYKXX9LGECZR2V29T"',
190 silly registry.get     'content-type': 'application/json',
190 silly registry.get     'cache-control': 'max-age=60',
190 silly registry.get     'content-length': '10390',
190 silly registry.get     'accept-ranges': 'bytes',
190 silly registry.get     date: 'Thu, 19 Nov 2015 18:11:53 GMT',
190 silly registry.get     via: '1.1 varnish',
190 silly registry.get     age: '0',
190 silly registry.get     connection: 'keep-alive',
190 silly registry.get     'x-served-by': 'cache-lcy1135-LCY',
190 silly registry.get     'x-cache': 'MISS',
190 silly registry.get     'x-cache-hits': '0',
190 silly registry.get     'x-timer': 'S1447956713.621215,VS0,VE97',
190 silly registry.get     vary: 'Accept' } ]
191 silly addNameRange number 2 { name: 'express-helpers', range: '*', hasData: true }
192 silly addNameRange versions [ 'express-helpers',
192 silly addNameRange   [ '0.1.0',
192 silly addNameRange     '1.0.0',
192 silly addNameRange     '1.1.0',
192 silly addNameRange     '1.2.0',
192 silly addNameRange     '1.3.0',
192 silly addNameRange     '1.2.1',
192 silly addNameRange     '1.3.1',
192 silly addNameRange     '1.3.2' ] ]
193 verbose addNamed [ 'express-helpers', '1.3.2' ]
194 verbose addNamed [ '1.3.2', '1.3.2' ]
195 silly lockFile 4447ec69-express-helpers-1-3-2 express-helpers@1.3.2
196 verbose lock express-helpers@1.3.2 /home/alex/.npm/4447ec69-express-helpers-1-3-2.lock
197 verbose addRemoteTarball [ 'https://registry.npmjs.org/serve-favicon/-/serve-favicon-2.1.7.tgz',
197 verbose addRemoteTarball   '7b911c0ea4c0f9a2ad686daa5222766f7bc7db79' ]
198 info retry fetch attempt 1 at 18:11:53
199 verbose fetch to= /tmp/npm-3070-iH_fkRPG/registry.npmjs.org/serve-favicon/-/serve-favicon-2.1.7.tgz
200 http GET https://registry.npmjs.org/serve-favicon/-/serve-favicon-2.1.7.tgz
201 silly lockFile e33e6d57-elpers-express-helpers-1-3-2-tgz https://registry.npmjs.org/express-helpers/-/express-helpers-1.3.2.tgz
202 verbose lock https://registry.npmjs.org/express-helpers/-/express-helpers-1.3.2.tgz /home/alex/.npm/e33e6d57-elpers-express-helpers-1-3-2-tgz.lock
203 verbose addRemoteTarball [ 'https://registry.npmjs.org/express-helpers/-/express-helpers-1.3.2.tgz',
203 verbose addRemoteTarball   'bf262a65e61236924d20ce9a28cd704613a019a8' ]
204 info retry fetch attempt 1 at 18:11:53
205 verbose fetch to= /tmp/npm-3070-iH_fkRPG/registry.npmjs.org/express-helpers/-/express-helpers-1.3.2.tgz
206 http GET https://registry.npmjs.org/express-helpers/-/express-helpers-1.3.2.tgz
207 http 200 https://registry.npmjs.org/express-partials
208 silly registry.get cb [ 200,
208 silly registry.get   { server: 'CouchDB/1.5.0 (Erlang OTP/R16B03)',
208 silly registry.get     etag: '"80VJNZTLZSMAY89I4WATBDVJS"',
208 silly registry.get     'content-type': 'application/json',
208 silly registry.get     'cache-control': 'max-age=60',
208 silly registry.get     'content-length': '13449',
208 silly registry.get     'accept-ranges': 'bytes',
208 silly registry.get     date: 'Thu, 19 Nov 2015 18:11:53 GMT',
208 silly registry.get     via: '1.1 varnish',
208 silly registry.get     age: '0',
208 silly registry.get     connection: 'keep-alive',
208 silly registry.get     'x-served-by': 'cache-fra1228-FRA',
208 silly registry.get     'x-cache': 'HIT',
208 silly registry.get     'x-cache-hits': '1',
208 silly registry.get     'x-timer': 'S1447956713.644436,VS0,VE103',
208 silly registry.get     vary: 'Accept' } ]
209 silly addNameRange number 2 { name: 'express-partials',
209 silly addNameRange   range: '>=0.3.0-0 <0.4.0-0',
209 silly addNameRange   hasData: true }
210 silly addNameRange versions [ 'express-partials',
210 silly addNameRange   [ '0.0.1',
210 silly addNameRange     '0.0.2',
210 silly addNameRange     '0.0.3',
210 silly addNameRange     '0.0.4',
210 silly addNameRange     '0.0.5',
210 silly addNameRange     '0.0.6',
210 silly addNameRange     '0.1.0',
210 silly addNameRange     '0.1.1',
210 silly addNameRange     '0.2.0',
210 silly addNameRange     '0.3.0' ] ]
211 verbose addNamed [ 'express-partials', '0.3.0' ]
212 verbose addNamed [ '0.3.0', '0.3.0' ]
213 silly lockFile 70304b7d-express-partials-0-3-0 express-partials@0.3.0
214 verbose lock express-partials@0.3.0 /home/alex/.npm/70304b7d-express-partials-0-3-0.lock
215 silly lockFile 3e37261d-tials-express-partials-0-3-0-tgz https://registry.npmjs.org/express-partials/-/express-partials-0.3.0.tgz
216 verbose lock https://registry.npmjs.org/express-partials/-/express-partials-0.3.0.tgz /home/alex/.npm/3e37261d-tials-express-partials-0-3-0-tgz.lock
217 verbose addRemoteTarball [ 'https://registry.npmjs.org/express-partials/-/express-partials-0.3.0.tgz',
217 verbose addRemoteTarball   '88b9c40164afd9a55278629b2948e6ace7bff45f' ]
218 info retry fetch attempt 1 at 18:11:53
219 verbose fetch to= /tmp/npm-3070-iH_fkRPG/registry.npmjs.org/express-partials/-/express-partials-0.3.0.tgz
220 http GET https://registry.npmjs.org/express-partials/-/express-partials-0.3.0.tgz
221 http 200 https://registry.npmjs.org/ejs
222 silly registry.get cb [ 200,
222 silly registry.get   { server: 'CouchDB/1.5.0 (Erlang OTP/R16B03)',
222 silly registry.get     etag: '"C4T8LR7ICLLVB7GIUP2SCMDBM"',
222 silly registry.get     'content-type': 'application/json',
222 silly registry.get     'cache-control': 'max-age=60',
222 silly registry.get     'content-length': '50215',
222 silly registry.get     'accept-ranges': 'bytes',
222 silly registry.get     date: 'Thu, 19 Nov 2015 18:11:53 GMT',
222 silly registry.get     via: '1.1 varnish',
222 silly registry.get     age: '6',
222 silly registry.get     connection: 'keep-alive',
222 silly registry.get     'x-served-by': 'cache-lcy1124-LCY',
222 silly registry.get     'x-cache': 'HIT',
222 silly registry.get     'x-cache-hits': '1',
222 silly registry.get     'x-timer': 'S1447956713.601750,VS0,VE0',
222 silly registry.get     vary: 'Accept' } ]
223 silly addNameRange number 2 { name: 'ejs', range: '>=0.8.5-0 <0.9.0-0', hasData: true }
224 silly addNameRange versions [ 'ejs',
224 silly addNameRange   [ '0.0.1',
224 silly addNameRange     '0.0.2',
224 silly addNameRange     '0.0.3',
224 silly addNameRange     '0.0.4',
224 silly addNameRange     '0.1.0',
224 silly addNameRange     '0.2.0',
224 silly addNameRange     '0.2.1',
224 silly addNameRange     '0.3.0',
224 silly addNameRange     '0.3.1',
224 silly addNameRange     '0.4.0',
224 silly addNameRange     '0.4.1',
224 silly addNameRange     '0.4.2',
224 silly addNameRange     '0.4.3',
224 silly addNameRange     '0.5.0',
224 silly addNameRange     '0.6.0',
224 silly addNameRange     '0.6.1',
224 silly addNameRange     '0.7.0',
224 silly addNameRange     '0.7.1',
224 silly addNameRange     '0.7.2',
224 silly addNameRange     '0.8.0',
224 silly addNameRange     '0.8.1',
224 silly addNameRange     '0.8.2',
224 silly addNameRange     '0.8.3',
224 silly addNameRange     '0.8.4',
224 silly addNameRange     '0.8.5',
224 silly addNameRange     '0.8.6',
224 silly addNameRange     '0.8.8',
224 silly addNameRange     '1.0.0',
224 silly addNameRange     '2.0.2',
224 silly addNameRange     '2.0.3',
224 silly addNameRange     '2.0.4',
224 silly addNameRange     '2.0.5',
224 silly addNameRange     '2.0.6',
224 silly addNameRange     '2.0.7',
224 silly addNameRange     '2.0.8',
224 silly addNameRange     '2.1.1',
224 silly addNameRange     '2.1.2',
224 silly addNameRange     '2.1.3',
224 silly addNameRange     '2.1.4',
224 silly addNameRange     '2.2.1',
224 silly addNameRange     '2.2.2',
224 silly addNameRange     '2.2.3',
224 silly addNameRange     '2.2.4',
224 silly addNameRange     '2.3.1',
224 silly addNameRange     '2.3.2',
224 silly addNameRange     '2.3.3',
224 silly addNameRange     '2.3.4' ] ]
225 verbose addNamed [ 'ejs', '0.8.8' ]
226 verbose addNamed [ '0.8.8', '0.8.8' ]
227 silly lockFile 37d7c450-ejs-0-8-8 ejs@0.8.8
228 verbose lock ejs@0.8.8 /home/alex/.npm/37d7c450-ejs-0-8-8.lock
229 silly lockFile 7259a2c7-stry-npmjs-org-ejs-ejs-0-8-8-tgz https://registry.npmjs.org/ejs/-/ejs-0.8.8.tgz
230 verbose lock https://registry.npmjs.org/ejs/-/ejs-0.8.8.tgz /home/alex/.npm/7259a2c7-stry-npmjs-org-ejs-ejs-0-8-8-tgz.lock
231 verbose addRemoteTarball [ 'https://registry.npmjs.org/ejs/-/ejs-0.8.8.tgz',
231 verbose addRemoteTarball   'ffdc56dcc35d02926dd50ad13439bbc54061d598' ]
232 info retry fetch attempt 1 at 18:11:53
233 verbose fetch to= /tmp/npm-3070-iH_fkRPG/registry.npmjs.org/ejs/-/ejs-0.8.8.tgz
234 http GET https://registry.npmjs.org/ejs/-/ejs-0.8.8.tgz
235 http 200 https://registry.npmjs.org/body-parser
236 silly registry.get cb [ 200,
236 silly registry.get   { server: 'CouchDB/1.5.0 (Erlang OTP/R16B03)',
236 silly registry.get     etag: '"2QM0BQRJ4EIZG9YI9V4O1U2R6"',
236 silly registry.get     'content-type': 'application/json',
236 silly registry.get     'cache-control': 'max-age=60',
236 silly registry.get     'content-length': '110893',
236 silly registry.get     'accept-ranges': 'bytes',
236 silly registry.get     date: 'Thu, 19 Nov 2015 18:11:53 GMT',
236 silly registry.get     via: '1.1 varnish',
236 silly registry.get     age: '28',
236 silly registry.get     connection: 'keep-alive',
236 silly registry.get     'x-served-by': 'cache-lcy1123-LCY',
236 silly registry.get     'x-cache': 'HIT',
236 silly registry.get     'x-cache-hits': '1',
236 silly registry.get     'x-timer': 'S1447956713.601462,VS0,VE0',
236 silly registry.get     vary: 'Accept' } ]
237 http 200 https://registry.npmjs.org/cookie-parser
238 silly registry.get cb [ 200,
238 silly registry.get   { server: 'CouchDB/1.5.0 (Erlang OTP/R16B03)',
238 silly registry.get     etag: '"5JLIHK3ADUHXEYPEOFSG1Z2A7"',
238 silly registry.get     'content-type': 'application/json',
238 silly registry.get     'cache-control': 'max-age=60',
238 silly registry.get     'content-length': '20262',
238 silly registry.get     'accept-ranges': 'bytes',
238 silly registry.get     date: 'Thu, 19 Nov 2015 18:11:53 GMT',
238 silly registry.get     via: '1.1 varnish',
238 silly registry.get     age: '9',
238 silly registry.get     connection: 'keep-alive',
238 silly registry.get     'x-served-by': 'cache-lcy1124-LCY',
238 silly registry.get     'x-cache': 'HIT',
238 silly registry.get     'x-cache-hits': '1',
238 silly registry.get     'x-timer': 'S1447956713.874232,VS0,VE0',
238 silly registry.get     vary: 'Accept' } ]
239 http 200 https://registry.npmjs.org/debug
240 silly registry.get cb [ 200,
240 silly registry.get   { server: 'CouchDB/1.5.0 (Erlang OTP/R16B03)',
240 silly registry.get     etag: '"ESVM3E8SVE9TJGRYFD467724P"',
240 silly registry.get     'content-type': 'application/json',
240 silly registry.get     'cache-control': 'max-age=60',
240 silly registry.get     'content-length': '35761',
240 silly registry.get     'accept-ranges': 'bytes',
240 silly registry.get     date: 'Thu, 19 Nov 2015 18:11:53 GMT',
240 silly registry.get     via: '1.1 varnish',
240 silly registry.get     age: '33',
240 silly registry.get     connection: 'keep-alive',
240 silly registry.get     'x-served-by': 'cache-lcy1135-LCY',
240 silly registry.get     'x-cache': 'HIT',
240 silly registry.get     'x-cache-hits': '3',
240 silly registry.get     'x-timer': 'S1447956713.803488,VS0,VE0',
240 silly registry.get     vary: 'Accept' } ]
241 silly addNameRange number 2 { name: 'debug', range: '>=2.0.0-0 <2.1.0-0', hasData: true }
242 silly addNameRange versions [ 'debug',
242 silly addNameRange   [ '0.0.1',
242 silly addNameRange     '0.1.0',
242 silly addNameRange     '0.2.0',
242 silly addNameRange     '0.3.0',
242 silly addNameRange     '0.4.0',
242 silly addNameRange     '0.4.1',
242 silly addNameRange     '0.5.0',
242 silly addNameRange     '0.6.0',
242 silly addNameRange     '0.7.0',
242 silly addNameRange     '0.7.1',
242 silly addNameRange     '0.7.2',
242 silly addNameRange     '0.7.3',
242 silly addNameRange     '0.7.4',
242 silly addNameRange     '0.8.0',
242 silly addNameRange     '0.8.1',
242 silly addNameRange     '1.0.0',
242 silly addNameRange     '1.0.1',
242 silly addNameRange     '1.0.2',
242 silly addNameRange     '1.0.3',
242 silly addNameRange     '1.0.4',
242 silly addNameRange     '2.0.0',
242 silly addNameRange     '2.1.0',
242 silly addNameRange     '2.1.1',
242 silly addNameRange     '2.1.2',
242 silly addNameRange     '2.1.3',
242 silly addNameRange     '2.2.0' ] ]
243 verbose addNamed [ 'debug', '2.0.0' ]
244 verbose addNamed [ '2.0.0', '2.0.0' ]
245 silly lockFile 095bd820-debug-2-0-0 debug@2.0.0
246 verbose lock debug@2.0.0 /home/alex/.npm/095bd820-debug-2-0-0.lock
247 silly addNameRange number 2 { name: 'body-parser',
247 silly addNameRange   range: '>=1.8.1-0 <1.9.0-0',
247 silly addNameRange   hasData: true }
248 silly addNameRange versions [ 'body-parser',
248 silly addNameRange   [ '1.0.0',
248 silly addNameRange     '1.0.1',
248 silly addNameRange     '1.0.2',
248 silly addNameRange     '1.1.0',
248 silly addNameRange     '1.1.1',
248 silly addNameRange     '1.1.2',
248 silly addNameRange     '1.2.0',
248 silly addNameRange     '1.2.1',
248 silly addNameRange     '1.2.2',
248 silly addNameRange     '1.3.0',
248 silly addNameRange     '1.3.1',
248 silly addNameRange     '1.4.0',
248 silly addNameRange     '1.4.1',
248 silly addNameRange     '1.4.2',
248 silly addNameRange     '1.4.3',
248 silly addNameRange     '1.5.0',
248 silly addNameRange     '1.5.1',
248 silly addNameRange     '1.5.2',
248 silly addNameRange     '1.6.0',
248 silly addNameRange     '1.6.1',
248 silly addNameRange     '1.6.2',
248 silly addNameRange     '1.6.3',
248 silly addNameRange     '1.6.4',
248 silly addNameRange     '1.6.5',
248 silly addNameRange     '1.6.6',
248 silly addNameRange     '1.6.7',
248 silly addNameRange     '1.7.0',
248 silly addNameRange     '1.8.0',
248 silly addNameRange     '1.8.1',
248 silly addNameRange     '1.8.2',
248 silly addNameRange     '1.8.3',
248 silly addNameRange     '1.8.4',
248 silly addNameRange     '1.9.0',
248 silly addNameRange     '1.9.1',
248 silly addNameRange     '1.9.2',
248 silly addNameRange     '1.9.3',
248 silly addNameRange     '1.10.0',
248 silly addNameRange     '1.10.1',
248 silly addNameRange     '1.10.2',
248 silly addNameRange     '1.11.0',
248 silly addNameRange     '1.12.0',
248 silly addNameRange     '1.12.1',
248 silly addNameRange     '1.12.2',
248 silly addNameRange     '1.12.3',
248 silly addNameRange     '1.12.4',
248 silly addNameRange     '1.13.0',
248 silly addNameRange     '1.13.1',
248 silly addNameRange     '1.13.2',
248 silly addNameRange     '1.13.3',
248 silly addNameRange     '1.14.0',
248 silly addNameRange     '1.14.1' ] ]
249 verbose addNamed [ 'body-parser', '1.8.4' ]
250 verbose addNamed [ '1.8.4', '1.8.4' ]
251 silly lockFile 5cba912c-body-parser-1-8-4 body-parser@1.8.4
252 verbose lock body-parser@1.8.4 /home/alex/.npm/5cba912c-body-parser-1-8-4.lock
253 silly addNameRange number 2 { name: 'cookie-parser',
253 silly addNameRange   range: '>=1.3.3-0 <1.4.0-0',
253 silly addNameRange   hasData: true }
254 silly addNameRange versions [ 'cookie-parser',
254 silly addNameRange   [ '1.0.0',
254 silly addNameRange     '1.0.1',
254 silly addNameRange     '1.1.0',
254 silly addNameRange     '1.2.0',
254 silly addNameRange     '1.3.0',
254 silly addNameRange     '1.3.1',
254 silly addNameRange     '1.3.2',
254 silly addNameRange     '1.3.3',
254 silly addNameRange     '1.3.4',
254 silly addNameRange     '1.3.5',
254 silly addNameRange     '1.4.0' ] ]
255 verbose addNamed [ 'cookie-parser', '1.3.5' ]
256 verbose addNamed [ '1.3.5', '1.3.5' ]
257 silly lockFile b6f1abc3-cookie-parser-1-3-5 cookie-parser@1.3.5
258 verbose lock cookie-parser@1.3.5 /home/alex/.npm/b6f1abc3-cookie-parser-1-3-5.lock
259 http 200 https://registry.npmjs.org/morgan
260 silly registry.get cb [ 200,
260 silly registry.get   { server: 'CouchDB/1.5.0 (Erlang OTP/R16B03)',
260 silly registry.get     etag: '"5IHRNC3MJP1XW089ZK0BBY964"',
260 silly registry.get     'content-type': 'application/json',
260 silly registry.get     'cache-control': 'max-age=60',
260 silly registry.get     'content-length': '42535',
260 silly registry.get     'accept-ranges': 'bytes',
260 silly registry.get     date: 'Thu, 19 Nov 2015 18:11:53 GMT',
260 silly registry.get     via: '1.1 varnish',
260 silly registry.get     age: '25',
260 silly registry.get     connection: 'keep-alive',
260 silly registry.get     'x-served-by': 'cache-fra1228-FRA',
260 silly registry.get     'x-cache': 'HIT',
260 silly registry.get     'x-cache-hits': '1',
260 silly registry.get     'x-timer': 'S1447956713.844359,VS0,VE0',
260 silly registry.get     vary: 'Accept' } ]
261 silly addNameRange number 2 { name: 'morgan', range: '>=1.3.0-0 <1.4.0-0', hasData: true }
262 silly addNameRange versions [ 'morgan',
262 silly addNameRange   [ '1.0.0',
262 silly addNameRange     '1.0.1',
262 silly addNameRange     '1.1.0',
262 silly addNameRange     '1.1.1',
262 silly addNameRange     '1.2.0',
262 silly addNameRange     '1.2.1',
262 silly addNameRange     '1.2.2',
262 silly addNameRange     '1.2.3',
262 silly addNameRange     '1.3.0',
262 silly addNameRange     '1.3.1',
262 silly addNameRange     '1.3.2',
262 silly addNameRange     '1.4.0',
262 silly addNameRange     '1.4.1',
262 silly addNameRange     '1.5.0',
262 silly addNameRange     '1.5.1',
262 silly addNameRange     '1.5.2',
262 silly addNameRange     '1.5.3',
262 silly addNameRange     '1.6.0',
262 silly addNameRange     '1.6.1' ] ]
263 verbose addNamed [ 'morgan', '1.3.2' ]
264 verbose addNamed [ '1.3.2', '1.3.2' ]
265 silly lockFile 7e2b41c6-morgan-1-3-2 morgan@1.3.2
266 verbose lock morgan@1.3.2 /home/alex/.npm/7e2b41c6-morgan-1-3-2.lock
267 silly lockFile 58a51cf2-ody-parser-body-parser-1-8-4-tgz https://registry.npmjs.org/body-parser/-/body-parser-1.8.4.tgz
268 verbose lock https://registry.npmjs.org/body-parser/-/body-parser-1.8.4.tgz /home/alex/.npm/58a51cf2-ody-parser-body-parser-1-8-4-tgz.lock
269 verbose addRemoteTarball [ 'https://registry.npmjs.org/body-parser/-/body-parser-1.8.4.tgz',
269 verbose addRemoteTarball   'd497e04bc13b3f9a8bd8c70bb0cdc16f2e028898' ]
270 info retry fetch attempt 1 at 18:11:54
271 verbose fetch to= /tmp/npm-3070-iH_fkRPG/registry.npmjs.org/body-parser/-/body-parser-1.8.4.tgz
272 http GET https://registry.npmjs.org/body-parser/-/body-parser-1.8.4.tgz
273 silly lockFile b6f1abc3-cookie-parser-1-3-5 cookie-parser@1.3.5
274 silly lockFile b6f1abc3-cookie-parser-1-3-5 cookie-parser@1.3.5
275 silly lockFile bf5babd8-cookie-parser-1-3-3 cookie-parser@~1.3.3
276 silly lockFile bf5babd8-cookie-parser-1-3-3 cookie-parser@~1.3.3
277 silly lockFile cac8e271-pmjs-org-morgan-morgan-1-3-2-tgz https://registry.npmjs.org/morgan/-/morgan-1.3.2.tgz
278 verbose lock https://registry.npmjs.org/morgan/-/morgan-1.3.2.tgz /home/alex/.npm/cac8e271-pmjs-org-morgan-morgan-1-3-2-tgz.lock
279 verbose addRemoteTarball [ 'https://registry.npmjs.org/morgan/-/morgan-1.3.2.tgz',
279 verbose addRemoteTarball   'ac41aa15221ee4e5f2ac843896b6918139a18efd' ]
280 info retry fetch attempt 1 at 18:11:54
281 verbose fetch to= /tmp/npm-3070-iH_fkRPG/registry.npmjs.org/morgan/-/morgan-1.3.2.tgz
282 http GET https://registry.npmjs.org/morgan/-/morgan-1.3.2.tgz
283 silly lockFile 095bd820-debug-2-0-0 debug@2.0.0
284 silly lockFile 095bd820-debug-2-0-0 debug@2.0.0
285 silly lockFile 12b6356d-debug-2-0-0 debug@~2.0.0
286 silly lockFile 12b6356d-debug-2-0-0 debug@~2.0.0
287 http 200 https://registry.npmjs.org/express-partials/-/express-partials-0.3.0.tgz
288 http 200 https://registry.npmjs.org/serve-favicon/-/serve-favicon-2.1.7.tgz
289 silly lockFile 901719e4--favicon-serve-favicon-2-1-7-tgz https://registry.npmjs.org/serve-favicon/-/serve-favicon-2.1.7.tgz
290 silly lockFile 901719e4--favicon-serve-favicon-2-1-7-tgz https://registry.npmjs.org/serve-favicon/-/serve-favicon-2.1.7.tgz
291 silly lockFile 041e16ae-serve-favicon-2-1-7 serve-favicon@2.1.7
292 silly lockFile 041e16ae-serve-favicon-2-1-7 serve-favicon@2.1.7
293 silly lockFile 38295489-serve-favicon-2-1-3 serve-favicon@~2.1.3
294 silly lockFile 38295489-serve-favicon-2-1-3 serve-favicon@~2.1.3
295 silly lockFile 3e37261d-tials-express-partials-0-3-0-tgz https://registry.npmjs.org/express-partials/-/express-partials-0.3.0.tgz
296 silly lockFile 3e37261d-tials-express-partials-0-3-0-tgz https://registry.npmjs.org/express-partials/-/express-partials-0.3.0.tgz
297 silly lockFile 70304b7d-express-partials-0-3-0 express-partials@0.3.0
298 silly lockFile 70304b7d-express-partials-0-3-0 express-partials@0.3.0
299 silly lockFile b9c91d61-express-partials-0-3-0 express-partials@^0.3.0
300 silly lockFile b9c91d61-express-partials-0-3-0 express-partials@^0.3.0
301 http 200 https://registry.npmjs.org/ejs/-/ejs-0.8.8.tgz
302 http 200 https://registry.npmjs.org/morgan/-/morgan-1.3.2.tgz
303 silly lockFile cac8e271-pmjs-org-morgan-morgan-1-3-2-tgz https://registry.npmjs.org/morgan/-/morgan-1.3.2.tgz
304 silly lockFile cac8e271-pmjs-org-morgan-morgan-1-3-2-tgz https://registry.npmjs.org/morgan/-/morgan-1.3.2.tgz
305 silly lockFile 7e2b41c6-morgan-1-3-2 morgan@1.3.2
306 silly lockFile 7e2b41c6-morgan-1-3-2 morgan@1.3.2
307 silly lockFile a4a9bdf4-morgan-1-3-0 morgan@~1.3.0
308 silly lockFile a4a9bdf4-morgan-1-3-0 morgan@~1.3.0
309 http 200 https://registry.npmjs.org/express-helpers/-/express-helpers-1.3.2.tgz
310 silly lockFile e33e6d57-elpers-express-helpers-1-3-2-tgz https://registry.npmjs.org/express-helpers/-/express-helpers-1.3.2.tgz
311 silly lockFile e33e6d57-elpers-express-helpers-1-3-2-tgz https://registry.npmjs.org/express-helpers/-/express-helpers-1.3.2.tgz
312 silly lockFile 4447ec69-express-helpers-1-3-2 express-helpers@1.3.2
313 silly lockFile 4447ec69-express-helpers-1-3-2 express-helpers@1.3.2
314 silly lockFile 22975403-express-helpers express-helpers@*
315 silly lockFile 22975403-express-helpers express-helpers@*
316 silly lockFile 7259a2c7-stry-npmjs-org-ejs-ejs-0-8-8-tgz https://registry.npmjs.org/ejs/-/ejs-0.8.8.tgz
317 silly lockFile 7259a2c7-stry-npmjs-org-ejs-ejs-0-8-8-tgz https://registry.npmjs.org/ejs/-/ejs-0.8.8.tgz
318 silly lockFile 37d7c450-ejs-0-8-8 ejs@0.8.8
319 silly lockFile 37d7c450-ejs-0-8-8 ejs@0.8.8
320 silly lockFile 05610aaa-ejs-0-8-5 ejs@~0.8.5
321 silly lockFile 05610aaa-ejs-0-8-5 ejs@~0.8.5
322 http 200 https://registry.npmjs.org/body-parser/-/body-parser-1.8.4.tgz
323 silly lockFile 58a51cf2-ody-parser-body-parser-1-8-4-tgz https://registry.npmjs.org/body-parser/-/body-parser-1.8.4.tgz
324 silly lockFile 58a51cf2-ody-parser-body-parser-1-8-4-tgz https://registry.npmjs.org/body-parser/-/body-parser-1.8.4.tgz
325 silly lockFile 5cba912c-body-parser-1-8-4 body-parser@1.8.4
326 silly lockFile 5cba912c-body-parser-1-8-4 body-parser@1.8.4
327 silly lockFile a49948c1-body-parser-1-8-1 body-parser@~1.8.1
328 silly lockFile a49948c1-body-parser-1-8-1 body-parser@~1.8.1
329 http 200 https://registry.npmjs.org/express
330 silly registry.get cb [ 200,
330 silly registry.get   { server: 'CouchDB/1.5.0 (Erlang OTP/R16B03)',
330 silly registry.get     etag: '"2JZQZ33HAXSEQOH7UU9ZMDSZT"',
330 silly registry.get     'content-type': 'application/json',
330 silly registry.get     'cache-control': 'max-age=60',
330 silly registry.get     'content-length': '528410',
330 silly registry.get     'accept-ranges': 'bytes',
330 silly registry.get     date: 'Thu, 19 Nov 2015 18:11:53 GMT',
330 silly registry.get     via: '1.1 varnish',
330 silly registry.get     age: '36',
330 silly registry.get     connection: 'keep-alive',
330 silly registry.get     'x-served-by': 'cache-lcy1134-LCY',
330 silly registry.get     'x-cache': 'HIT',
330 silly registry.get     'x-cache-hits': '3',
330 silly registry.get     'x-timer': 'S1447956713.751612,VS0,VE0',
330 silly registry.get     vary: 'Accept' } ]
331 silly addNameRange number 2 { name: 'express', range: '>=4.9.0-0 <4.10.0-0', hasData: true }
332 silly addNameRange versions [ 'express',
332 silly addNameRange   [ '0.14.0',
332 silly addNameRange     '0.14.1',
332 silly addNameRange     '1.0.0',
332 silly addNameRange     '1.0.1',
332 silly addNameRange     '1.0.2',
332 silly addNameRange     '1.0.3',
332 silly addNameRange     '1.0.4',
332 silly addNameRange     '1.0.5',
332 silly addNameRange     '1.0.6',
332 silly addNameRange     '1.0.7',
332 silly addNameRange     '1.0.8',
332 silly addNameRange     '2.0.0',
332 silly addNameRange     '2.1.0',
332 silly addNameRange     '2.1.1',
332 silly addNameRange     '2.2.0',
332 silly addNameRange     '2.2.1',
332 silly addNameRange     '2.2.2',
332 silly addNameRange     '2.3.0',
332 silly addNameRange     '2.3.1',
332 silly addNameRange     '2.3.2',
332 silly addNameRange     '2.3.3',
332 silly addNameRange     '2.3.4',
332 silly addNameRange     '2.3.5',
332 silly addNameRange     '2.3.6',
332 silly addNameRange     '2.3.7',
332 silly addNameRange     '2.3.8',
332 silly addNameRange     '2.3.9',
332 silly addNameRange     '2.3.10',
332 silly addNameRange     '2.3.11',
332 silly addNameRange     '2.3.12',
332 silly addNameRange     '2.4.0',
332 silly addNameRange     '2.4.1',
332 silly addNameRange     '2.4.2',
332 silly addNameRange     '2.4.3',
332 silly addNameRange     '2.4.4',
332 silly addNameRange     '2.4.5',
332 silly addNameRange     '2.4.6',
332 silly addNameRange     '2.4.7',
332 silly addNameRange     '2.5.0',
332 silly addNameRange     '2.5.1',
332 silly addNameRange     '2.5.2',
332 silly addNameRange     '2.5.3',
332 silly addNameRange     '2.5.4',
332 silly addNameRange     '2.5.5',
332 silly addNameRange     '2.5.6',
332 silly addNameRange     '2.5.7',
332 silly addNameRange     '2.5.8',
332 silly addNameRange     '2.5.9',
332 silly addNameRange     '2.5.10',
332 silly addNameRange     '2.5.11',
332 silly addNameRange     '3.0.0',
332 silly addNameRange     '3.0.1',
332 silly addNameRange     '3.0.2',
332 silly addNameRange     '3.0.3',
332 silly addNameRange     '3.0.4',
332 silly addNameRange     '3.0.5',
332 silly addNameRange     '3.0.6',
332 silly addNameRange     '3.1.0',
332 silly addNameRange     '3.1.1',
332 silly addNameRange     '3.1.2',
332 silly addNameRange     '3.2.0',
332 silly addNameRange     '3.2.1',
332 silly addNameRange     '3.2.2',
332 silly addNameRange     '3.2.3',
332 silly addNameRange     '3.2.4',
332 silly addNameRange     '3.2.5',
332 silly addNameRange     '3.2.6',
332 silly addNameRange     '3.3.0',
332 silly addNameRange     '3.3.1',
332 silly addNameRange     '3.3.2',
332 silly addNameRange     '3.3.3',
332 silly addNameRange     '3.3.4',
332 silly addNameRange     '3.3.5',
332 silly addNameRange     '3.3.6',
332 silly addNameRange     '1.0.0-beta',
332 silly addNameRange     '1.0.0-beta2',
332 silly addNameRange     '1.0.0-rc',
332 silly addNameRange     '1.0.0-rc2',
332 silly addNameRange     '1.0.0-rc3',
332 silly addNameRange     '1.0.0-rc4',
332 silly addNameRange     '2.0.0-beta',
332 silly addNameRange     '2.0.0-beta2',
332 silly addNameRange     '2.0.0-beta3',
332 silly addNameRange     '2.0.0-rc',
332 silly addNameRange     '2.0.0-rc2',
332 silly addNameRange     '2.0.0-rc3',
332 silly addNameRange     '3.0.0-alpha1',
332 silly addNameRange     '3.0.0-alpha2',
332 silly addNameRange     '3.0.0-alpha3',
332 silly addNameRange     '3.0.0-alpha4',
332 silly addNameRange     '3.0.0-alpha5',
332 silly addNameRange     '3.0.0-beta1',
332 silly addNameRange     '3.0.0-beta2',
332 silly addNameRange     '3.0.0-beta3',
332 silly addNameRange     '3.0.0-beta4',
332 silly addNameRange     '3.0.0-beta6',
332 silly addNameRange     '3.0.0-beta7',
332 silly addNameRange     '3.0.0-rc1',
332 silly addNameRange     '3.0.0-rc2',
332 silly addNameRange     '3.0.0-rc3',
332 silly addNameRange     '3.0.0-rc4',
332 silly addNameRange     '3.0.0-rc5',
332 silly addNameRange     '3.3.7',
332 silly addNameRange     '3.3.8',
332 silly addNameRange     '3.4.0',
332 silly addNameRange     '3.4.1',
332 silly addNameRange     '3.4.2',
332 silly addNameRange     '3.4.3',
332 silly addNameRange     '3.4.4',
332 silly addNameRange     '3.4.5',
332 silly addNameRange     '3.4.6',
332 silly addNameRange     '3.4.7',
332 silly addNameRange     '3.4.8',
332 silly addNameRange     '4.0.0-rc1',
332 silly addNameRange     '4.0.0-rc2',
332 silly addNameRange     '3.5.0',
332 silly addNameRange     '4.0.0-rc3',
332 silly addNameRange     '4.0.0-rc4',
332 silly addNameRange     '3.5.1',
332 silly addNameRange     '4.0.0',
332 silly addNameRange     '3.5.2',
332 silly addNameRange     '4.1.0',
332 silly addNameRange     '4.1.1',
332 silly addNameRange     '3.5.3',
332 silly addNameRange     '4.1.2',
332 silly addNameRange     '3.6.0',
332 silly addNameRange     '4.2.0',
332 silly addNameRange     '3.7.0',
332 silly addNameRange     '3.8.0',
332 silly addNameRange     '4.3.0',
332 silly addNameRange     '4.3.1',
332 silly addNameRange     '3.8.1',
332 silly addNameRange     '4.3.2',
332 silly addNameRange     '3.9.0',
332 silly addNameRange     '4.4.0',
332 silly addNameRange     '4.4.1',
332 silly addNameRange     '3.10.0',
332 silly addNameRange     '3.10.1',
332 silly addNameRange     '3.10.2',
332 silly addNameRange     '3.10.3',
332 silly addNameRange     '3.10.4',
332 silly addNameRange     '4.4.2',
332 silly addNameRange     '3.10.5',
332 silly addNameRange     '4.4.3',
332 silly addNameRange     '3.11.0',
332 silly addNameRange     '4.4.4',
332 silly addNameRange     '3.12.0',
332 silly addNameRange     '3.12.1',
332 silly addNameRange     '4.4.5',
332 silly addNameRange     '3.13.0',
332 silly addNameRange     '4.5.0',
332 silly addNameRange     '4.5.1',
332 silly addNameRange     '3.14.0',
332 silly addNameRange     '4.6.0',
332 silly addNameRange     '4.6.1',
332 silly addNameRange     '3.15.0',
332 silly addNameRange     '4.7.0',
332 silly addNameRange     '3.15.1',
332 silly addNameRange     '4.7.1',
332 silly addNameRange     '3.15.2',
332 silly addNameRange     '4.7.2',
332 silly addNameRange     '4.7.3',
332 silly addNameRange     '3.15.3',
332 silly addNameRange     '4.7.4',
332 silly addNameRange     '3.16.0',
332 silly addNameRange     '4.8.0',
332 silly addNameRange     '3.16.1',
332 silly addNameRange     '4.8.1',
332 silly addNameRange     '3.16.2',
332 silly addNameRange     '4.8.2',
332 silly addNameRange     '3.16.3',
332 silly addNameRange     '3.16.4',
332 silly addNameRange     '4.8.3',
332 silly addNameRange     '3.16.5',
332 silly addNameRange     '3.16.6',
332 silly addNameRange     '4.8.4',
332 silly addNameRange     '3.16.7',
332 silly addNameRange     '4.8.5',
332 silly addNameRange     '3.16.8',
332 silly addNameRange     '4.8.6',
332 silly addNameRange     '3.16.9',
332 silly addNameRange     '4.8.7',
332 silly addNameRange     '3.16.10',
332 silly addNameRange     '4.8.8',
332 silly addNameRange     '3.17.0',
332 silly addNameRange     '3.17.1',
332 silly addNameRange     '4.9.0',
332 silly addNameRange     '3.17.2',
332 silly addNameRange     '4.9.1',
332 silly addNameRange     '4.9.2',
332 silly addNameRange     '3.17.3',
332 silly addNameRange     '4.9.3',
332 silly addNameRange     '3.17.4',
332 silly addNameRange     '4.9.4',
332 silly addNameRange     '3.17.5',
332 silly addNameRange     '4.9.5',
332 silly addNameRange     '3.17.6',
332 silly addNameRange     '3.17.7',
332 silly addNameRange     '4.9.6',
332 silly addNameRange     '4.9.7',
332 silly addNameRange     '3.17.8',
332 silly addNameRange     '4.9.8',
332 silly addNameRange     '3.18.0',
332 silly addNameRange     '3.18.1',
332 silly addNameRange     '4.10.0',
332 silly addNameRange     '3.18.2',
332 silly addNameRange     '4.10.1',
332 silly addNameRange     '5.0.0-alpha.1',
332 silly addNameRange     '3.18.3',
332 silly addNameRange     '4.10.2',
332 silly addNameRange     '3.18.4',
332 silly addNameRange     '4.10.3',
332 silly addNameRange     '4.10.4',
332 silly addNameRange     '4.10.5',
332 silly addNameRange     '3.18.5',
332 silly addNameRange     '3.18.6',
332 silly addNameRange     '4.10.6',
332 silly addNameRange     '4.10.7',
332 silly addNameRange     '3.19.0',
332 silly addNameRange     '4.10.8',
332 silly addNameRange     '4.11.0',
332 silly addNameRange     '3.19.1',
332 silly addNameRange     '4.11.1',
332 silly addNameRange     '3.19.2',
332 silly addNameRange     '4.11.2',
332 silly addNameRange     '3.20.0',
332 silly addNameRange     '4.12.0',
332 silly addNameRange     '3.20.1',
332 silly addNameRange     '4.12.1',
332 silly addNameRange     '4.12.2',
332 silly addNameRange     '3.20.2',
332 silly addNameRange     '4.12.3',
332 silly addNameRange     '3.20.3',
332 silly addNameRange     '4.12.4',
332 silly addNameRange     '3.21.0',
332 silly addNameRange     '4.13.0',
332 silly addNameRange     '3.21.1',
332 silly addNameRange     '4.13.1',
332 silly addNameRange     '5.0.0-alpha.2',
332 silly addNameRange     '3.21.2',
332 silly addNameRange     '4.13.2',
332 silly addNameRange     '4.13.3' ] ]
333 verbose addNamed [ 'express', '4.9.8' ]
334 verbose addNamed [ '4.9.8', '4.9.8' ]
335 silly lockFile 3e3a25f6-express-4-9-8 express@4.9.8
336 verbose lock express@4.9.8 /home/alex/.npm/3e3a25f6-express-4-9-8.lock
337 silly lockFile 2d7fb097-js-org-express-express-4-9-8-tgz https://registry.npmjs.org/express/-/express-4.9.8.tgz
338 verbose lock https://registry.npmjs.org/express/-/express-4.9.8.tgz /home/alex/.npm/2d7fb097-js-org-express-express-4-9-8-tgz.lock
339 verbose addRemoteTarball [ 'https://registry.npmjs.org/express/-/express-4.9.8.tgz',
339 verbose addRemoteTarball   'f360f596baeabbd0e5223b603d6eb578d9d2d10d' ]
340 info retry fetch attempt 1 at 18:11:54
341 verbose fetch to= /tmp/npm-3070-iH_fkRPG/registry.npmjs.org/express/-/express-4.9.8.tgz
342 http GET https://registry.npmjs.org/express/-/express-4.9.8.tgz
343 http 200 https://registry.npmjs.org/express/-/express-4.9.8.tgz
344 silly lockFile 2d7fb097-js-org-express-express-4-9-8-tgz https://registry.npmjs.org/express/-/express-4.9.8.tgz
345 silly lockFile 2d7fb097-js-org-express-express-4-9-8-tgz https://registry.npmjs.org/express/-/express-4.9.8.tgz
346 silly lockFile 3e3a25f6-express-4-9-8 express@4.9.8
347 silly lockFile 3e3a25f6-express-4-9-8 express@4.9.8
348 silly lockFile 6ae7fa08-express-4-9-0 express@~4.9.0
349 silly lockFile 6ae7fa08-express-4-9-0 express@~4.9.0
350 error Error: EACCES, mkdir '/home/alex/.npm/serve-favicon/2.1.7'
350 error  { [Error: EACCES, mkdir '/home/alex/.npm/serve-favicon/2.1.7']
350 error   errno: 3,
350 error   code: 'EACCES',
350 error   path: '/home/alex/.npm/serve-favicon/2.1.7',
350 error   parent: 'quiz' }
351 error Please try running this command again as root/Administrator.
352 error System Linux 3.2.0-60-generic-pae
353 error command "/usr/bin/node" "/usr/bin/npm" "install"
354 error cwd /home/alex/Escritorio/STWquizP8
355 error node -v v0.10.40
356 error npm -v 1.4.28
357 error path /home/alex/.npm/serve-favicon/2.1.7
358 error code EACCES
359 error errno 3
360 error stack Error: EACCES, mkdir '/home/alex/.npm/serve-favicon/2.1.7'
361 verbose exit [ 3, true ]
